<?xml version="1.0" encoding="UTF-8"?>
<testng-results skipped="0" failed="0" ignored="0" total="1" passed="1">
  <reporter-output>
  </reporter-output>
  <suite name="Default suite" duration-ms="27" started-at="2022-09-11T16:56:43Z" finished-at="2022-09-11T16:56:43Z">
    <groups>
    </groups>
    <test name="Default test" duration-ms="27" started-at="2022-09-11T16:56:43Z" finished-at="2022-09-11T16:56:43Z">
      <class name="org.simplilearn.august2022.SeleniumWebGUITests">
        <test-method status="PASS" signature="test1()[pri:0, instance:org.simplilearn.august2022.SeleniumWebGUITests@43bd930a]" name="test1" duration-ms="10" started-at="2022-09-11T16:56:43Z" finished-at="2022-09-11T16:56:43Z">
          <reporter-output>
          </reporter-output>
        </test-method> <!-- test1 -->
      </class> <!-- org.simplilearn.august2022.SeleniumWebGUITests -->
    </test> <!-- Default test -->
  </suite> <!-- Default suite -->
</testng-results>
